<?xml version="1.0" encoding="UTF-8"?>
<!-- Generated by org.testng.reporters.JUnitReportReporter -->
<testsuite skipped="0" hostname="SUEC-7493294-LX" name="demo_test_aid.PrintTest" tests="2" failures="0" timestamp="21 May 2019 15:13:51 GMT" time="0.039" errors="0">
  <testcase name="printHello" time="0.001" classname="demo_test_aid.PrintTest"/>
  <testcase name="customerNew" time="0.038" classname="demo_test_aid.PrintTest"/>
</testsuite> <!-- demo_test_aid.PrintTest -->
